{"contracts/Migrations.sol":{"l":{"9":0,"13":0,"17":0},"path":"/Users/connorbovino/Documents/arbNode/contracts/Migrations.sol","s":{"1":0,"2":0},"b":{"1":[0,0]},"f":{"1":0,"2":0},"fnMap":{"1":{"name":"restricted","line":8,"loc":{"start":{"line":8,"column":2},"end":{"line":14,"column":2}}},"2":{"name":"setCompleted","line":16,"loc":{"start":{"line":16,"column":2},"end":{"line":18,"column":2}}}},"statementMap":{"1":{"start":{"line":9,"column":4},"end":{"line":9,"column":201}},"2":{"start":{"line":17,"column":4},"end":{"line":17,"column":39}}},"branchMap":{"1":{"line":9,"type":"if","locations":[{"start":{"line":9,"column":4},"end":{"line":9,"column":4}},{"start":{"line":9,"column":4},"end":{"line":9,"column":4}}]}}},"contracts/SafeMath.sol":{"l":{"14":1,"15":0,"17":1,"18":1,"19":1,"29":9,"36":17,"37":17,"44":0,"45":0,"46":0},"path":"/Users/connorbovino/Documents/arbNode/contracts/SafeMath.sol","s":{"1":1,"2":0,"3":1,"4":1,"5":1,"6":9,"7":17,"8":17,"9":0,"10":0,"11":0},"b":{"1":[0,1]},"f":{"1":1,"2":9,"3":17,"4":0},"fnMap":{"1":{"name":"mul","line":13,"loc":{"start":{"line":13,"column":2},"end":{"line":20,"column":2}}},"2":{"name":"div","line":25,"loc":{"start":{"line":25,"column":2},"end":{"line":30,"column":2}}},"3":{"name":"sub","line":35,"loc":{"start":{"line":35,"column":2},"end":{"line":38,"column":2}}},"4":{"name":"add","line":43,"loc":{"start":{"line":43,"column":2},"end":{"line":47,"column":2}}}},"statementMap":{"1":{"start":{"line":14,"column":4},"end":{"line":14,"column":292}},"2":{"start":{"line":15,"column":6},"end":{"line":15,"column":14}},"3":{"start":{"line":17,"column":4},"end":{"line":17,"column":12}},"4":{"start":{"line":18,"column":4},"end":{"line":18,"column":21}},"5":{"start":{"line":19,"column":4},"end":{"line":19,"column":12}},"6":{"start":{"line":29,"column":4},"end":{"line":29,"column":16}},"7":{"start":{"line":36,"column":4},"end":{"line":36,"column":17}},"8":{"start":{"line":37,"column":4},"end":{"line":37,"column":16}},"9":{"start":{"line":44,"column":4},"end":{"line":44,"column":12}},"10":{"start":{"line":45,"column":4},"end":{"line":45,"column":17}},"11":{"start":{"line":46,"column":4},"end":{"line":46,"column":12}}},"branchMap":{"1":{"line":14,"type":"if","locations":[{"start":{"line":14,"column":4},"end":{"line":14,"column":4}},{"start":{"line":14,"column":4},"end":{"line":14,"column":4}}]}}},"contracts/WriteMore.sol":{"l":{"48":11,"55":13,"56":11,"60":9,"62":9,"64":7,"66":7,"68":7,"69":7,"70":7,"71":7,"72":7,"75":7,"78":7,"84":2,"86":2,"96":9,"97":7,"100":5,"103":5,"105":3,"108":1,"109":1,"110":1,"112":1,"116":3,"117":1,"118":1,"122":3,"123":3,"125":1,"126":1,"127":1,"130":1,"137":1,"139":1,"145":0,"146":0},"path":"/Users/connorbovino/Documents/arbNode/contracts/WriteMore.sol","s":{"1":11,"2":13,"3":11,"4":9,"5":9,"6":7,"7":7,"8":7,"9":7,"10":7,"11":7,"12":7,"13":7,"14":7,"15":2,"16":2,"17":9,"18":7,"19":5,"20":5,"21":3,"22":1,"23":1,"24":1,"25":1,"26":3,"27":1,"28":1,"29":3,"30":3,"31":1,"32":1,"33":1,"34":1,"35":1,"36":1,"37":0,"38":0},"b":{"1":[11,2],"2":[9,2],"3":[7,2],"4":[7,0],"5":[2,0],"6":[7,2],"7":[5,2],"8":[3,2],"9":[1,2],"10":[1,2],"11":[1,2],"12":[1,0],"13":[0,0]},"f":{"1":11,"2":13,"3":2,"4":9,"5":1,"6":0},"fnMap":{"1":{"name":"constructor","line":47,"loc":{"start":{"line":47,"column":4},"end":{"line":49,"column":4}}},"2":{"name":"initialCommit","line":51,"loc":{"start":{"line":51,"column":4},"end":{"line":79,"column":4}}},"3":{"name":"returnCommitmentDetails","line":82,"loc":{"start":{"line":82,"column":4},"end":{"line":92,"column":4}}},"4":{"name":"updateCommitment","line":95,"loc":{"start":{"line":95,"column":4},"end":{"line":134,"column":4}}},"5":{"name":"getBalance","line":136,"loc":{"start":{"line":136,"column":4},"end":{"line":140,"column":4}}},"6":{"name":"destroy","line":144,"loc":{"start":{"line":144,"column":4},"end":{"line":147,"column":4}}}},"statementMap":{"1":{"start":{"line":48,"column":8},"end":{"line":48,"column":27}},"2":{"start":{"line":55,"column":8},"end":{"line":55,"column":122}},"3":{"start":{"line":56,"column":8},"end":{"line":56,"column":103}},"4":{"start":{"line":60,"column":8},"end":{"line":60,"column":67}},"5":{"start":{"line":62,"column":8},"end":{"line":62,"column":74}},"6":{"start":{"line":64,"column":8},"end":{"line":64,"column":58}},"7":{"start":{"line":66,"column":8},"end":{"line":66,"column":66}},"8":{"start":{"line":68,"column":8},"end":{"line":68,"column":51}},"9":{"start":{"line":69,"column":8},"end":{"line":69,"column":37}},"10":{"start":{"line":70,"column":8},"end":{"line":70,"column":39}},"11":{"start":{"line":71,"column":8},"end":{"line":71,"column":25}},"12":{"start":{"line":72,"column":8},"end":{"line":72,"column":32}},"13":{"start":{"line":75,"column":8},"end":{"line":75,"column":155}},"14":{"start":{"line":78,"column":8},"end":{"line":78,"column":45}},"15":{"start":{"line":84,"column":8},"end":{"line":84,"column":79}},"16":{"start":{"line":86,"column":8},"end":{"line":86,"column":2337}},"17":{"start":{"line":96,"column":8},"end":{"line":96,"column":79}},"18":{"start":{"line":97,"column":8},"end":{"line":97,"column":152}},"19":{"start":{"line":100,"column":8},"end":{"line":100,"column":107}},"20":{"start":{"line":103,"column":8},"end":{"line":103,"column":79}},"21":{"start":{"line":105,"column":8},"end":{"line":105,"column":3102}},"22":{"start":{"line":108,"column":12},"end":{"line":108,"column":68}},"23":{"start":{"line":109,"column":12},"end":{"line":109,"column":62}},"24":{"start":{"line":110,"column":12},"end":{"line":110,"column":72}},"25":{"start":{"line":112,"column":12},"end":{"line":112,"column":81}},"26":{"start":{"line":116,"column":8},"end":{"line":116,"column":3528}},"27":{"start":{"line":117,"column":10},"end":{"line":117,"column":70}},"28":{"start":{"line":118,"column":10},"end":{"line":118,"column":32}},"29":{"start":{"line":122,"column":8},"end":{"line":122,"column":96}},"30":{"start":{"line":123,"column":8},"end":{"line":123,"column":3895}},"31":{"start":{"line":125,"column":12},"end":{"line":125,"column":182}},"32":{"start":{"line":126,"column":12},"end":{"line":126,"column":65}},"33":{"start":{"line":127,"column":12},"end":{"line":127,"column":56}},"34":{"start":{"line":130,"column":12},"end":{"line":130,"column":73}},"35":{"start":{"line":137,"column":8},"end":{"line":137,"column":56}},"36":{"start":{"line":139,"column":8},"end":{"line":139,"column":36}},"37":{"start":{"line":145,"column":8},"end":{"line":145,"column":56}},"38":{"start":{"line":146,"column":8},"end":{"line":146,"column":28}}},"branchMap":{"1":{"line":55,"type":"if","locations":[{"start":{"line":55,"column":8},"end":{"line":55,"column":8}},{"start":{"line":55,"column":8},"end":{"line":55,"column":8}}]},"2":{"line":56,"type":"if","locations":[{"start":{"line":56,"column":8},"end":{"line":56,"column":8}},{"start":{"line":56,"column":8},"end":{"line":56,"column":8}}]},"3":{"line":62,"type":"if","locations":[{"start":{"line":62,"column":8},"end":{"line":62,"column":8}},{"start":{"line":62,"column":8},"end":{"line":62,"column":8}}]},"4":{"line":66,"type":"if","locations":[{"start":{"line":66,"column":8},"end":{"line":66,"column":8}},{"start":{"line":66,"column":8},"end":{"line":66,"column":8}}]},"5":{"line":84,"type":"if","locations":[{"start":{"line":84,"column":8},"end":{"line":84,"column":8}},{"start":{"line":84,"column":8},"end":{"line":84,"column":8}}]},"6":{"line":96,"type":"if","locations":[{"start":{"line":96,"column":8},"end":{"line":96,"column":8}},{"start":{"line":96,"column":8},"end":{"line":96,"column":8}}]},"7":{"line":97,"type":"if","locations":[{"start":{"line":97,"column":8},"end":{"line":97,"column":8}},{"start":{"line":97,"column":8},"end":{"line":97,"column":8}}]},"8":{"line":103,"type":"if","locations":[{"start":{"line":103,"column":8},"end":{"line":103,"column":8}},{"start":{"line":103,"column":8},"end":{"line":103,"column":8}}]},"9":{"line":105,"type":"if","locations":[{"start":{"line":105,"column":8},"end":{"line":105,"column":8}},{"start":{"line":105,"column":8},"end":{"line":105,"column":8}}]},"10":{"line":116,"type":"if","locations":[{"start":{"line":116,"column":8},"end":{"line":116,"column":8}},{"start":{"line":116,"column":8},"end":{"line":116,"column":8}}]},"11":{"line":123,"type":"if","locations":[{"start":{"line":123,"column":8},"end":{"line":123,"column":8}},{"start":{"line":123,"column":8},"end":{"line":123,"column":8}}]},"12":{"line":137,"type":"if","locations":[{"start":{"line":137,"column":8},"end":{"line":137,"column":8}},{"start":{"line":137,"column":8},"end":{"line":137,"column":8}}]},"13":{"line":145,"type":"if","locations":[{"start":{"line":145,"column":8},"end":{"line":145,"column":8}},{"start":{"line":145,"column":8},"end":{"line":145,"column":8}}]}}}}