{"contracts/Migrations.sol":{"l":{"9":0,"13":0,"17":0},"path":"/Users/connorbovino/Documents/arbNode/contracts/Migrations.sol","s":{"1":0,"2":0},"b":{"1":[0,0]},"f":{"1":0,"2":0},"fnMap":{"1":{"name":"restricted","line":8,"loc":{"start":{"line":8,"column":2},"end":{"line":14,"column":2}}},"2":{"name":"setCompleted","line":16,"loc":{"start":{"line":16,"column":2},"end":{"line":18,"column":2}}}},"statementMap":{"1":{"start":{"line":9,"column":4},"end":{"line":9,"column":201}},"2":{"start":{"line":17,"column":4},"end":{"line":17,"column":39}}},"branchMap":{"1":{"line":9,"type":"if","locations":[{"start":{"line":9,"column":4},"end":{"line":9,"column":4}},{"start":{"line":9,"column":4},"end":{"line":9,"column":4}}]}}},"contracts/SafeMath.sol":{"l":{"14":2,"15":0,"17":2,"18":2,"19":2,"29":6,"36":28,"37":28,"44":0,"45":0,"46":0},"path":"/Users/connorbovino/Documents/arbNode/contracts/SafeMath.sol","s":{"1":2,"2":0,"3":2,"4":2,"5":2,"6":6,"7":28,"8":28,"9":0,"10":0,"11":0},"b":{"1":[0,2]},"f":{"1":2,"2":6,"3":28,"4":0},"fnMap":{"1":{"name":"mul","line":13,"loc":{"start":{"line":13,"column":2},"end":{"line":20,"column":2}}},"2":{"name":"div","line":25,"loc":{"start":{"line":25,"column":2},"end":{"line":30,"column":2}}},"3":{"name":"sub","line":35,"loc":{"start":{"line":35,"column":2},"end":{"line":38,"column":2}}},"4":{"name":"add","line":43,"loc":{"start":{"line":43,"column":2},"end":{"line":47,"column":2}}}},"statementMap":{"1":{"start":{"line":14,"column":4},"end":{"line":14,"column":292}},"2":{"start":{"line":15,"column":6},"end":{"line":15,"column":14}},"3":{"start":{"line":17,"column":4},"end":{"line":17,"column":12}},"4":{"start":{"line":18,"column":4},"end":{"line":18,"column":21}},"5":{"start":{"line":19,"column":4},"end":{"line":19,"column":12}},"6":{"start":{"line":29,"column":4},"end":{"line":29,"column":16}},"7":{"start":{"line":36,"column":4},"end":{"line":36,"column":17}},"8":{"start":{"line":37,"column":4},"end":{"line":37,"column":16}},"9":{"start":{"line":44,"column":4},"end":{"line":44,"column":12}},"10":{"start":{"line":45,"column":4},"end":{"line":45,"column":17}},"11":{"start":{"line":46,"column":4},"end":{"line":46,"column":12}}},"branchMap":{"1":{"line":14,"type":"if","locations":[{"start":{"line":14,"column":4},"end":{"line":14,"column":4}},{"start":{"line":14,"column":4},"end":{"line":14,"column":4}}]}}},"contracts/WriteMore.sol":{"l":{"72":11,"77":15,"78":13,"79":11,"80":9,"81":9,"82":7,"85":7,"87":5,"89":5,"90":5,"91":5,"92":5,"93":5,"94":5,"97":5,"100":5,"105":1,"107":1,"117":9,"118":7,"120":7,"121":6,"122":6,"123":2,"125":2,"126":1,"127":1,"128":1,"132":2,"133":1,"134":1,"135":1,"137":0,"139":1,"140":1,"142":1,"144":1,"146":1,"147":0,"148":0,"154":2,"156":2,"158":2,"159":1,"161":1,"162":1,"165":2,"168":2,"169":2,"175":1,"177":1,"182":0,"183":0},"path":"/Users/connorbovino/Documents/arbNode/contracts/WriteMore.sol","s":{"1":11,"2":15,"3":13,"4":11,"5":9,"6":9,"7":7,"8":7,"9":5,"10":5,"11":5,"12":5,"13":5,"14":5,"15":5,"16":5,"17":5,"18":1,"19":1,"20":9,"21":7,"22":7,"23":6,"24":6,"25":2,"26":2,"27":1,"28":1,"29":1,"30":2,"31":1,"32":1,"33":1,"34":0,"35":1,"36":1,"37":1,"38":1,"39":1,"40":0,"41":0,"42":2,"43":2,"44":2,"45":1,"46":1,"47":1,"48":2,"49":2,"50":2,"51":1,"52":1,"53":0,"54":0},"b":{"1":[13,2],"2":[11,2],"3":[9,2],"4":[7,2],"5":[5,2],"6":[1,0],"7":[7,2],"8":[6,1],"9":[2,4],"10":[1,1],"11":[1,1],"12":[1,0],"13":[1,0],"14":[0,1],"15":[2,0],"16":[2,0],"17":[1,1],"18":[1,0],"19":[0,0]},"f":{"1":11,"2":15,"3":1,"4":9,"5":1,"6":0},"fnMap":{"1":{"name":"constructor","line":71,"loc":{"start":{"line":71,"column":4},"end":{"line":73,"column":4}}},"2":{"name":"initialCommit","line":76,"loc":{"start":{"line":76,"column":4},"end":{"line":101,"column":4}}},"3":{"name":"returnCommitmentDetails","line":103,"loc":{"start":{"line":103,"column":4},"end":{"line":114,"column":4}}},"4":{"name":"updateCommitment","line":116,"loc":{"start":{"line":116,"column":4},"end":{"line":172,"column":4}}},"5":{"name":"getBalance","line":174,"loc":{"start":{"line":174,"column":4},"end":{"line":178,"column":4}}},"6":{"name":"destroy","line":181,"loc":{"start":{"line":181,"column":4},"end":{"line":184,"column":4}}}},"statementMap":{"1":{"start":{"line":72,"column":8},"end":{"line":72,"column":27}},"2":{"start":{"line":77,"column":8},"end":{"line":77,"column":122}},"3":{"start":{"line":78,"column":8},"end":{"line":78,"column":103}},"4":{"start":{"line":79,"column":8},"end":{"line":79,"column":96}},"5":{"start":{"line":80,"column":8},"end":{"line":80,"column":73}},"6":{"start":{"line":81,"column":8},"end":{"line":81,"column":90}},"7":{"start":{"line":82,"column":8},"end":{"line":82,"column":76}},"8":{"start":{"line":85,"column":8},"end":{"line":85,"column":87}},"9":{"start":{"line":87,"column":8},"end":{"line":87,"column":67}},"10":{"start":{"line":89,"column":8},"end":{"line":89,"column":67}},"11":{"start":{"line":90,"column":8},"end":{"line":90,"column":51}},"12":{"start":{"line":91,"column":8},"end":{"line":91,"column":37}},"13":{"start":{"line":92,"column":8},"end":{"line":92,"column":39}},"14":{"start":{"line":93,"column":8},"end":{"line":93,"column":25}},"15":{"start":{"line":94,"column":8},"end":{"line":94,"column":32}},"16":{"start":{"line":97,"column":8},"end":{"line":97,"column":184}},"17":{"start":{"line":100,"column":8},"end":{"line":100,"column":72}},"18":{"start":{"line":105,"column":8},"end":{"line":105,"column":79}},"19":{"start":{"line":107,"column":8},"end":{"line":107,"column":3632}},"20":{"start":{"line":117,"column":8},"end":{"line":117,"column":79}},"21":{"start":{"line":118,"column":8},"end":{"line":118,"column":26}},"22":{"start":{"line":120,"column":8},"end":{"line":120,"column":4162}},"23":{"start":{"line":121,"column":10},"end":{"line":121,"column":108}},"24":{"start":{"line":122,"column":10},"end":{"line":122,"column":95}},"25":{"start":{"line":123,"column":10},"end":{"line":123,"column":70}},"26":{"start":{"line":125,"column":10},"end":{"line":125,"column":4520}},"27":{"start":{"line":126,"column":16},"end":{"line":126,"column":63}},"28":{"start":{"line":127,"column":16},"end":{"line":127,"column":38}},"29":{"start":{"line":128,"column":16},"end":{"line":128,"column":22}},"30":{"start":{"line":132,"column":8},"end":{"line":132,"column":4817}},"31":{"start":{"line":133,"column":12},"end":{"line":133,"column":107}},"32":{"start":{"line":134,"column":12},"end":{"line":134,"column":5005}},"33":{"start":{"line":135,"column":16},"end":{"line":135,"column":29}},"34":{"start":{"line":137,"column":16},"end":{"line":137,"column":63}},"35":{"start":{"line":139,"column":12},"end":{"line":139,"column":62}},"36":{"start":{"line":140,"column":12},"end":{"line":140,"column":72}},"37":{"start":{"line":142,"column":12},"end":{"line":142,"column":5320}},"38":{"start":{"line":144,"column":16},"end":{"line":144,"column":90}},"39":{"start":{"line":146,"column":16},"end":{"line":146,"column":5517}},"40":{"start":{"line":147,"column":24},"end":{"line":147,"column":93}},"41":{"start":{"line":148,"column":24},"end":{"line":148,"column":30}},"42":{"start":{"line":154,"column":8},"end":{"line":154,"column":5832}},"43":{"start":{"line":156,"column":12},"end":{"line":156,"column":113}},"44":{"start":{"line":158,"column":12},"end":{"line":158,"column":6138}},"45":{"start":{"line":159,"column":16},"end":{"line":159,"column":97}},"46":{"start":{"line":161,"column":12},"end":{"line":161,"column":182}},"47":{"start":{"line":162,"column":12},"end":{"line":162,"column":65}},"48":{"start":{"line":165,"column":12},"end":{"line":165,"column":56}},"49":{"start":{"line":168,"column":12},"end":{"line":168,"column":112}},"50":{"start":{"line":169,"column":12},"end":{"line":169,"column":18}},"51":{"start":{"line":175,"column":8},"end":{"line":175,"column":56}},"52":{"start":{"line":177,"column":8},"end":{"line":177,"column":36}},"53":{"start":{"line":182,"column":8},"end":{"line":182,"column":56}},"54":{"start":{"line":183,"column":8},"end":{"line":183,"column":28}}},"branchMap":{"1":{"line":77,"type":"if","locations":[{"start":{"line":77,"column":8},"end":{"line":77,"column":8}},{"start":{"line":77,"column":8},"end":{"line":77,"column":8}}]},"2":{"line":78,"type":"if","locations":[{"start":{"line":78,"column":8},"end":{"line":78,"column":8}},{"start":{"line":78,"column":8},"end":{"line":78,"column":8}}]},"3":{"line":79,"type":"if","locations":[{"start":{"line":79,"column":8},"end":{"line":79,"column":8}},{"start":{"line":79,"column":8},"end":{"line":79,"column":8}}]},"4":{"line":81,"type":"if","locations":[{"start":{"line":81,"column":8},"end":{"line":81,"column":8}},{"start":{"line":81,"column":8},"end":{"line":81,"column":8}}]},"5":{"line":85,"type":"if","locations":[{"start":{"line":85,"column":8},"end":{"line":85,"column":8}},{"start":{"line":85,"column":8},"end":{"line":85,"column":8}}]},"6":{"line":105,"type":"if","locations":[{"start":{"line":105,"column":8},"end":{"line":105,"column":8}},{"start":{"line":105,"column":8},"end":{"line":105,"column":8}}]},"7":{"line":117,"type":"if","locations":[{"start":{"line":117,"column":8},"end":{"line":117,"column":8}},{"start":{"line":117,"column":8},"end":{"line":117,"column":8}}]},"8":{"line":120,"type":"if","locations":[{"start":{"line":120,"column":8},"end":{"line":120,"column":8}},{"start":{"line":120,"column":8},"end":{"line":120,"column":8}}]},"9":{"line":122,"type":"if","locations":[{"start":{"line":122,"column":10},"end":{"line":122,"column":10}},{"start":{"line":122,"column":10},"end":{"line":122,"column":10}}]},"10":{"line":125,"type":"if","locations":[{"start":{"line":125,"column":10},"end":{"line":125,"column":10}},{"start":{"line":125,"column":10},"end":{"line":125,"column":10}}]},"11":{"line":132,"type":"if","locations":[{"start":{"line":132,"column":8},"end":{"line":132,"column":8}},{"start":{"line":132,"column":8},"end":{"line":132,"column":8}}]},"12":{"line":134,"type":"if","locations":[{"start":{"line":134,"column":12},"end":{"line":134,"column":12}},{"start":{"line":134,"column":12},"end":{"line":134,"column":12}}]},"13":{"line":142,"type":"if","locations":[{"start":{"line":142,"column":12},"end":{"line":142,"column":12}},{"start":{"line":142,"column":12},"end":{"line":142,"column":12}}]},"14":{"line":146,"type":"if","locations":[{"start":{"line":146,"column":16},"end":{"line":146,"column":16}},{"start":{"line":146,"column":16},"end":{"line":146,"column":16}}]},"15":{"line":154,"type":"if","locations":[{"start":{"line":154,"column":8},"end":{"line":154,"column":8}},{"start":{"line":154,"column":8},"end":{"line":154,"column":8}}]},"16":{"line":156,"type":"if","locations":[{"start":{"line":156,"column":12},"end":{"line":156,"column":12}},{"start":{"line":156,"column":12},"end":{"line":156,"column":12}}]},"17":{"line":158,"type":"if","locations":[{"start":{"line":158,"column":12},"end":{"line":158,"column":12}},{"start":{"line":158,"column":12},"end":{"line":158,"column":12}}]},"18":{"line":175,"type":"if","locations":[{"start":{"line":175,"column":8},"end":{"line":175,"column":8}},{"start":{"line":175,"column":8},"end":{"line":175,"column":8}}]},"19":{"line":182,"type":"if","locations":[{"start":{"line":182,"column":8},"end":{"line":182,"column":8}},{"start":{"line":182,"column":8},"end":{"line":182,"column":8}}]}}}}